[debug] [2022-10-06T09:44:47.756Z] ----------------------------------------------------------------------
[debug] [2022-10-06T09:44:47.758Z] Command:       C:\Program Files\nodejs\node.exe C:\Users\Sumit\AppData\Roaming\npm\node_modules\firebase-tools\lib\bin\firebase.js init
[debug] [2022-10-06T09:44:47.758Z] CLI Version:   11.14.0
[debug] [2022-10-06T09:44:47.758Z] Platform:      win32
[debug] [2022-10-06T09:44:47.758Z] Node Version:  v16.13.1
[debug] [2022-10-06T09:44:47.759Z] Time:          Thu Oct 06 2022 15:14:47 GMT+0530 (India Standard Time)
[debug] [2022-10-06T09:44:47.759Z] ----------------------------------------------------------------------
[debug] 
[debug] [2022-10-06T09:44:47.765Z] > command requires scopes: ["email","openid","https://www.googleapis.com/auth/cloudplatformprojects.readonly","https://www.googleapis.com/auth/firebase","https://www.googleapis.com/auth/cloud-platform"]
[debug] [2022-10-06T09:44:47.765Z] > authorizing via signed-in user (abhayrotion@gmail.com)
[info] 
     ######## #### ########  ######## ########     ###     ######  ########
     ##        ##  ##     ## ##       ##     ##  ##   ##  ##       ##
     ######    ##  ########  ######   ########  #########  ######  ######
     ##        ##  ##    ##  ##       ##     ## ##     ##       ## ##
     ##       #### ##     ## ######## ########  ##     ##  ######  ########

You're about to initialize a Firebase project in this directory:

  C:\Users\Sumit\OneDrive\Desktop\myways\take-home-tests\weather-app\myways-\weather-app

[info] 
=== Project Setup
[info] 
[info] First, let's associate this project directory with a Firebase project.
[info] You can create multiple project aliases by running firebase use --add, 
[info] but for now we'll just set up a default project.
[info] 
[debug] [2022-10-06T09:44:58.131Z] >>> [apiv2][query] GET https://firebase.googleapis.com/v1beta1/projects pageSize=100
[debug] [2022-10-06T09:44:59.268Z] <<< [apiv2][status] GET https://firebase.googleapis.com/v1beta1/projects 200
[debug] [2022-10-06T09:44:59.269Z] <<< [apiv2][body] GET https://firebase.googleapis.com/v1beta1/projects [omitted]
